     1                                 %line 1+1 BasicProgramLayout.s
     2                                 
     3                                 
     4                                 
     5                                 
     6                                 
     7                                 [section .data]
     8                                 
     9                                 
    10                                 EXIT_SUCCESS equ 0
    11                                 SYS_exit equ 60
    12                                 LIMIT equ 30
    13                                 
    14                                 
    15                                 
    16                                 
    17                                 
    18 00000000 00                     bVar1 db 0
    19 00000001 00                     bVar2 db 0
    20 00000002 00                     bResult db 0
    21 00000003 FF                     bVar3 db 255
    22                                 
    23                                 
    24                                 
    25                                 
    26                                 [section .data]
    27                                 
    28                                 
    29                                 
    30 00000004 0000                   wVar1 dw 0
    31 00000006 0000                   wVar2 dw 0
    32 00000008 0000                   wResult dw 0
    33                                 
    34                                 
    35                                 
    36                                 
    37 0000000A 00000000               dVar1 dd 0
    38 0000000E 00000000               dVar2 dd 0
    39 00000012 00000000               dResult dd 0
    40                                 
    41                                 
    42                                 
    43                                 
    44 00000016 0000000000000000       qVar1 dq 0
    45 0000001E 0000000000000000       qVar2 dq 0
    46 00000026 0000000000000000       qResult dq 0
    47                                 
    48                                 
    49                                 
    50                                 
    51                                 
    52                                 _personA:
    53 0000002E 00                     db 0
    54 0000002F 00                     db 0
    55                                 
    56                                 _personB:
    57 00000030 FF                     db 255
    58 00000031 FF                     db 255
    59                                 
    60                                 
    61                                 
    62                                 
    63                                 
    64                                 [section .text]
    65                                 [global _start]
    66                                 
    67                                 
    68                                 
    69                                 _start:
    70                                 
    71                                 
    72                                 
    73                                 
    74 00000000 8A0425[00000000]       mov al, byte [bVar1]
    75 00000007 020425[00000000]       add al, byte [bVar2]
    76 0000000E 880425[00000000]       mov byte [bResult], al
    77 00000015 6650                   push ax
    78 00000017 E84A000000             call _stackInspect
    79                                 
    80                                 
    81                                 
    82                                 
    83 0000001C 668B0425[00000000]     mov ax, word [wVar1]
    84 00000024 66030425[00000000]     add ax, word [wVar2]
    85 0000002C 66890425[00000000]     mov word [wResult], ax
    86                                 
    87                                 
    88                                 
    89 00000034 8B0425[00000000]       mov eax, dword [dVar1]
    90 0000003B 030425[00000000]       add eax, dword [dVar2]
    91 00000042 890425[00000000]       mov dword [wResult], eax
    92                                 
    93                                 
    94                                 
    95 00000049 488B0425[00000000]     mov rax, qword [qVar1]
    96 00000051 48030425[00000000]     add rax, qword [qVar2]
    97 00000059 48890425[00000000]     mov qword [qResult], rax
    98 00000061 68[00000000]           push _personA
    99 00000066 E801000000             call _personInspect
   100                                 
   101                                 
   102                                 
   103                                 _stackInspect:
   104 0000006B 488B542408             mov rdx, qword [rsp + 8]
   105 00000070 C3                     ret
   106                                 
   107                                 
   108                                 _personInspect:
   109 00000071 8A442409               mov al, byte [rsp + 9]
   110 00000075 E8FBFFFFFF             call exit
   111                                 
   112                                 
   113                                 
   114                                 
   115                                 exit:
   116 0000007A 48C7C03C000000         mov rax, SYS_exit
   117 00000081 48C7C700000000         mov rdi, EXIT_SUCCESS
   118 00000088 0F05                   syscall
   119                                 
   120                                 
