     1                                 %line 1+1 FillBuffer.s
     2                                 
     3                                 
     4                                 
     5                                 
     6                                 EXIT_SUCCESS equ 0
     7                                 SYS_exit equ 60
     8                                 BUFFER_SIZE equ 64
     9                                 
    10                                 
    11                                 
    12                                 
    13                                 [section .bss]
    14 00000000 <gap>                  buffer: resb BUFFER_SIZE
    15                                 
    16                                 
    17                                 
    18                                 
    19                                 
    20                                 
    21                                 
    22                                 [section .text]
    23                                 [global _start]
    24                                 
    25                                 _start:
    26 00000000 EBFE                    jmp incrAndStore
    27                                 
    28                                 
    29                                 
    30                                 incrAndStore:
    31 00000002 B001                   mov al, 1
    32 00000004 880425[00000000]       mov byte [buffer], al
    33 0000000B 8A1C25[00000000]       mov bl, byte [buffer]
    34 00000012 8A0425[01000000]       mov al, byte [buffer + 1]
    35                                 
    36                                 
    37 00000019 488D0425[00000000]     lea rax, byte [buffer]
    38 00000021 48C7C3[00000000]       mov rbx, buffer
    39                                 
    40                                 
    41                                 
    42                                 
    43                                 
    44                                 
    45                                 
    46                                 
    47                                 
    48                                 exit:
    49 00000028 48C7C03C000000         mov rax, SYS_exit
    50 0000002F 48C7C700000000         mov rdi, EXIT_SUCCESS
    51 00000036 0F05                   syscall
    52                                 
