     1                                 %line 1+1 minimal.s
     2                                 
     3                                 
     4                                 
     5                                 
     6                                 
     7                                 [section .data]
     8                                 
     9                                 
    10                                 EXIT_SUCCESS equ 0
    11                                 
    12                                 SYS_exit equ 60
    13                                 
    14                                 
    15                                 
    16 00000000 11                     bVar1 db 17
    17 00000001 09                     bVar2 db 9
    18 00000002 00                     bResult db 0
    19                                 
    20                                 
    21 00000003 6842                   wVar1 dw 17000
    22 00000005 2823                   wVar2 dw 9000
    23 00000007 0000                   wResult dw 0
    24                                 
    25                                 
    26 00000009 40660301               dVar1 dd 17000000
    27 0000000D 40548900               dVar2 dd 9000000
    28 00000011 00000000               dResult dd 0
    29                                 
    30                                 
    31 00000015 80FE210A00000000       qVar1 dq 170000000
    32 0000001D 804A5D0500000000       qVar2 dq 90000000
    33 00000025 0000000000000000       qResult dq 0
    34                                 
    35                                 
    36                                 
    37                                 [section .text]
    38                                 [global _start]
    39                                 _start:
    40                                 
    41                                 
    42                                 
    43                                 
    44                                 
    45                                 
    46 00000000 8A0425[00000000]       mov al, byte [bVar1]
    47 00000007 020425[00000000]       add al, byte [bVar2]
    48 0000000E 880425[00000000]       mov byte [bResult], al
    49                                 
    50                                 
    51                                 
    52 00000015 668B0425[00000000]     mov ax, word [wVar1]
    53 0000001D 66030425[00000000]     add ax, word [wVar2]
    54 00000025 66890425[00000000]     mov word [wResult], ax
    55                                 
    56                                 
    57                                 
    58 0000002D 8B0425[00000000]       mov eax, dword [dVar1]
    59 00000034 030425[00000000]       add eax, dword [dVar2]
    60 0000003B 890425[00000000]       mov dword [dResult], eax
    61                                 
    62                                 
    63                                 
    64 00000042 488B0425[00000000]     mov rax, qword [qVar1]
    65 0000004A 48030425[00000000]     add rax, qword [qVar2]
    66 00000052 48890425[00000000]     mov qword [qResult], rax
    67                                 
    68                                 
    69                                 last:
    70 0000005A 48C7C03C000000         mov rax, SYS_exit
    71                                 
    72 00000061 48C7C700000000         mov rdi, EXIT_SUCCESS
    73                                 
    74 00000068 0F05                   syscall
