     1                                 %line 1+1 Struct.s
     2                                 
     3                                 
     4                                 
     5                                 
     6                                 
     7                                 
     8                                 
     9                                 
    10                                 
    11                                 [section .data]
    12                                 
    13                                 
    14                                 EXIT_SUCCESS equ 0
    15                                 SYS_exit equ 60
    16                                 
    17                                 
    18                                 
    19                                 
    20                                 
    21                                 _personA:
    22 00000000 19                      db 25
    23 00000001 78                      db 120
    24                                 
    25                                 
    26                                 
    27                                 
    28                                 
    29                                 [section .text]
    30                                 [global _start]
    31                                 
    32                                 
    33                                 
    34                                 
    35                                 
    36                                 _start:
    37 00000000 48C7C0[00000000]        mov rax, _personA
    38 00000007 E8FBFFFFFF              call _exit
    39                                 
    40                                 
    41                                 
    42                                 
    43                                 
    44                                 
    45                                 _exit:
    46 0000000C 48C7C03C000000          mov rax, SYS_exit
    47 00000013 48C7C700000000          mov rdi, EXIT_SUCCESS
    48 0000001A 0F05                    syscall
